<?xml version="1.0" encoding="UTF-8"?>
<testng-results ignored="0" total="1" passed="1" failed="0" skipped="0">
  <reporter-output>
  </reporter-output>
  <suite started-at="2025-03-01T01:45:58 EST" name="Default suite" finished-at="2025-03-01T01:46:07 EST" duration-ms="8992">
    <groups>
      <group name="regression">
        <method signature="LoginTests.testValidLogin(java.util.Map)[pri:1, instance:testCases.LoginTests@7d61eb55]" name="testValidLogin" class="testCases.LoginTests"/>
      </group> <!-- regression -->
      <group name="smoke">
        <method signature="LoginTests.testValidLogin(java.util.Map)[pri:1, instance:testCases.LoginTests@7d61eb55]" name="testValidLogin" class="testCases.LoginTests"/>
      </group> <!-- smoke -->
      <group name="login">
        <method signature="LoginTests.testValidLogin(java.util.Map)[pri:1, instance:testCases.LoginTests@7d61eb55]" name="testValidLogin" class="testCases.LoginTests"/>
      </group> <!-- login -->
    </groups>
    <test started-at="2025-03-01T01:45:58 EST" name="Default test" finished-at="2025-03-01T01:46:07 EST" duration-ms="8992">
      <class name="testCases.LoginTests">
        <test-method is-config="true" signature="beforeSuite()[pri:0, instance:testCases.LoginTests@7d61eb55]" started-at="2025-03-01T01:45:55 EST" name="beforeSuite" finished-at="2025-03-01T01:45:58 EST" duration-ms="2299" status="PASS">
          <reporter-output>
          </reporter-output>
        </test-method> <!-- beforeSuite -->
        <test-method is-config="true" signature="setUp(java.lang.String)[pri:0, instance:testCases.LoginTests@7d61eb55]" started-at="2025-03-01T01:45:58 EST" name="setUp" finished-at="2025-03-01T01:46:03 EST" duration-ms="4622" status="PASS">
          <params>
            <param index="0">
              <value>
                <![CDATA[chrome]]>
              </value>
            </param>
          </params>
          <reporter-output>
          </reporter-output>
        </test-method> <!-- setUp -->
        <test-method is-config="true" signature="beforeMethod(java.lang.String)[pri:0, instance:testCases.LoginTests@7d61eb55]" started-at="2025-03-01T01:46:03 EST" name="beforeMethod" finished-at="2025-03-01T01:46:04 EST" duration-ms="1397" status="PASS">
          <params>
            <param index="0">
              <value>
                <![CDATA[chrome]]>
              </value>
            </param>
          </params>
          <reporter-output>
          </reporter-output>
        </test-method> <!-- beforeMethod -->
        <test-method signature="testValidLogin(java.util.Map)[pri:1, instance:testCases.LoginTests@7d61eb55]" started-at="2025-03-01T01:46:04 EST" name="testValidLogin" data-provider="loginpage" finished-at="2025-03-01T01:46:06 EST" duration-ms="1519" status="PASS">
          <params>
            <param index="0">
              <value>
                <![CDATA[{Username=Ninja_tester, Password=aut0mati0n, ExpectedMessage=You are logged in}]]>
              </value>
            </param>
          </params>
          <reporter-output>
          </reporter-output>
        </test-method> <!-- testValidLogin -->
        <test-method is-config="true" signature="tearDown()[pri:0, instance:testCases.LoginTests@7d61eb55]" started-at="2025-03-01T01:46:06 EST" name="tearDown" finished-at="2025-03-01T01:46:07 EST" duration-ms="909" status="PASS">
          <reporter-output>
          </reporter-output>
        </test-method> <!-- tearDown -->
      </class> <!-- testCases.LoginTests -->
    </test> <!-- Default test -->
  </suite> <!-- Default suite -->
</testng-results>
